<?xml version="1.0" encoding="UTF-8"?>
<!-- Generated by org.testng.reporters.JUnitXMLReporter -->
<testsuite ignored="0" hostname="DESKTOP-A0UU002" failures="1" tests="1" name="edgetest" time="26.756" errors="0" timestamp="2024-09-07T14:11:19 IST">
  <testcase classname="tesBase.BaseClass" name="@AfterClass tearDown" time="0.004">
    <failure type="java.lang.NullPointerException" message="Cannot invoke &amp;quot;org.openqa.selenium.WebDriver.quit()&amp;quot; because &amp;quot;tesBase.BaseClass.driver&amp;quot; is null">
      <![CDATA[java.lang.NullPointerException: Cannot invoke "org.openqa.selenium.WebDriver.quit()" because "tesBase.BaseClass.driver" is null
at tesBase.BaseClass.tearDown(BaseClass.java:122)
at java.base/java.util.ArrayList.forEach(ArrayList.java:1597)
at java.base/java.util.concurrent.FutureTask.run(FutureTask.java:317)
at java.base/java.util.concurrent.ThreadPoolExecutor.runWorker(ThreadPoolExecutor.java:1144)
at java.base/java.util.concurrent.ThreadPoolExecutor$Worker.run(ThreadPoolExecutor.java:642)
at java.base/java.lang.Thread.run(Thread.java:1570)
... Removed 14 stack frames]]>
    </failure>
  </testcase> <!-- @AfterClass tearDown -->
  <testcase classname="testCases.TC001_AccountRegistrationTest" name="verify_account_registration" time="10.169">
    <failure type="java.lang.AssertionError" message="Test Failed:element not interactable
  (Session info: MicrosoftEdge=128.0.2739.67)
Build info: version: &amp;apos;4.24.0&amp;apos;, revision: &amp;apos;748ffc9bc3&amp;apos;
System info: os.name: &amp;apos;Windows 11&amp;apos;, os.arch: &amp;apos;amd64&amp;apos;, os.version: &amp;apos;10.0&amp;apos;, java.version: &amp;apos;22.0.1&amp;apos;
Driver info: org.openqa.selenium.remote.RemoteWebDriver
Command: [ec1fe39a702ab84a8c81259d7dc58756, clickElement {id=f.C6EBD6CD15F7D2CB620496A9DF4666F8.d.E922B99F269ADA4ACB942193ED097865.e.93}]
Capabilities {acceptInsecureCerts: false, browserName: MicrosoftEdge, browserVersion: 128.0.2739.67, fedcm:accounts: true, ms:edgeOptions: {debuggerAddress: localhost:60093}, msedge: {msedgedriverVersion: 128.0.2739.67 (248489733b87..., userDataDir: C:\Users\LENOVO~1\AppData\L...}, networkConnectionEnabled: false, pageLoadStrategy: normal, platformName: Windows 11, proxy: Proxy(), se:bidiEnabled: false, se:cdp: ws://192.168.225.79:4444/se..., se:cdpVersion: 128.0.2739.67, setWindowRect: true, strictFileInteractability: false, timeouts: {implicit: 0, pageLoad: 300000, script: 30000}, unhandledPromptBehavior: dismiss and notify, webauthn:extension:credBlob: true, webauthn:extension:largeBlob: true, webauthn:extension:minPinLength: true, webauthn:extension:prf: true, webauthn:virtualAuthenticators: true}
Element: [[RemoteWebDriver: MicrosoftEdge on Windows 11 (ec1fe39a702ab84a8c81259d7dc58756)] -&amp;gt; xpath: //a[normalize-space()=&amp;apos;Register&amp;apos;]]
Session ID: ec1fe39a702ab84a8c81259d7dc58756">
      <![CDATA[java.lang.AssertionError: Test Failed:element not interactable
  (Session info: MicrosoftEdge=128.0.2739.67)
Build info: version: '4.24.0', revision: '748ffc9bc3'
System info: os.name: 'Windows 11', os.arch: 'amd64', os.version: '10.0', java.version: '22.0.1'
Driver info: org.openqa.selenium.remote.RemoteWebDriver
Command: [ec1fe39a702ab84a8c81259d7dc58756, clickElement {id=f.C6EBD6CD15F7D2CB620496A9DF4666F8.d.E922B99F269ADA4ACB942193ED097865.e.93}]
Capabilities {acceptInsecureCerts: false, browserName: MicrosoftEdge, browserVersion: 128.0.2739.67, fedcm:accounts: true, ms:edgeOptions: {debuggerAddress: localhost:60093}, msedge: {msedgedriverVersion: 128.0.2739.67 (248489733b87..., userDataDir: C:\Users\LENOVO~1\AppData\L...}, networkConnectionEnabled: false, pageLoadStrategy: normal, platformName: Windows 11, proxy: Proxy(), se:bidiEnabled: false, se:cdp: ws://192.168.225.79:4444/se..., se:cdpVersion: 128.0.2739.67, setWindowRect: true, strictFileInteractability: false, timeouts: {implicit: 0, pageLoad: 300000, script: 30000}, unhandledPromptBehavior: dismiss and notify, webauthn:extension:credBlob: true, webauthn:extension:largeBlob: true, webauthn:extension:minPinLength: true, webauthn:extension:prf: true, webauthn:virtualAuthenticators: true}
Element: [[RemoteWebDriver: MicrosoftEdge on Windows 11 (ec1fe39a702ab84a8c81259d7dc58756)] -> xpath: //a[normalize-space()='Register']]
Session ID: ec1fe39a702ab84a8c81259d7dc58756
at testCases.TC001_AccountRegistrationTest.verify_account_registration(TC001_AccountRegistrationTest.java:48)
at java.base/java.util.ArrayList.forEach(ArrayList.java:1597)
at java.base/java.util.concurrent.FutureTask.run(FutureTask.java:317)
at java.base/java.util.concurrent.ThreadPoolExecutor.runWorker(ThreadPoolExecutor.java:1144)
at java.base/java.util.concurrent.ThreadPoolExecutor$Worker.run(ThreadPoolExecutor.java:642)
at java.base/java.lang.Thread.run(Thread.java:1570)
... Removed 16 stack frames]]>
    </failure>
  </testcase> <!-- verify_account_registration -->
</testsuite> <!-- edgetest -->
