<?xml version="1.0" encoding="UTF-8"?>
<!-- Generated by org.testng.reporters.JUnitXMLReporter -->
<testsuite ignored="0" hostname="DESKTOP-A0UU002" failures="1" tests="1" name="mastersuite" time="18.376" errors="0" timestamp="2024-08-31T10:29:32 IST">
  <testcase classname="testCases.TC002_LoginTest" name="verify_Login" time="15.993">
    <failure type="java.lang.AssertionError" message="null">
      <![CDATA[java.lang.AssertionError: null
at testCases.TC002_LoginTest.verify_Login(TC002_LoginTest.java:36)
at java.base/java.util.ArrayList.forEach(ArrayList.java:1597)
... Removed 27 stack frames]]>
    </failure>
  </testcase> <!-- verify_Login -->
</testsuite> <!-- mastersuite -->
