<?xml version="1.0" encoding="UTF-8"?>
<!-- Generated by org.testng.reporters.JUnitXMLReporter -->
<testsuite ignored="0" hostname="DESKTOP-A0UU002" failures="1" tests="3" name="Test" time="11.583" errors="0" timestamp="2024-08-31T16:46:38 IST">
  <testcase classname="testCases.TC001_AccountRegistrationTest" name="verify_account_registration" time="2.03"/>
  <testcase classname="testCases.TC002_LoginTest" name="verify_Login" time="1.48"/>
  <testcase classname="testCases.TC003_LoginDDT" name="verify_LoginDDT" time="1.061">
    <failure type="org.testng.internal.reflect.MethodMatcherException" message="
[public void testCases.TC003_LoginDDT.verify_LoginDDT(java.lang.String,java.lang.String,java.lang.String)] has no parameters defined but was found to be using a data provider (either explicitly specified or inherited from class level annotation).
Data provider mismatch
Method: verify_LoginDDT([java.lang.String arg0, java.lang.String arg1, java.lang.String arg2])
Arguments: [(java.lang.String) pavanoltraining@gmail.com,(java.lang.String) test@123,(java.lang.String) valid,(java.lang.String) ]">
      <![CDATA[org.testng.internal.reflect.MethodMatcherException: 
[public void testCases.TC003_LoginDDT.verify_LoginDDT(java.lang.String,java.lang.String,java.lang.String)] has no parameters defined but was found to be using a data provider (either explicitly specified or inherited from class level annotation).
Data provider mismatch
Method: verify_LoginDDT([java.lang.String arg0, java.lang.String arg1, java.lang.String arg2])
Arguments: [(java.lang.String) pavanoltraining@gmail.com,(java.lang.String) test@123,(java.lang.String) valid,(java.lang.String) ]
at java.base/java.util.ArrayList.forEach(ArrayList.java:1597)
... Removed 22 stack frames]]>
    </failure>
  </testcase> <!-- verify_LoginDDT -->
</testsuite> <!-- Test -->
